Nov 25 16:08 : update: added /Nightcore - Human.mp3
Nov 25 16:08 : update: added /Nightcore - We Can't Stop.mp3
Nov 25 16:08 : update: added /Nightcore- Invisible.mp3
Nov 25 16:08 : update: added /Nightcore - Your Love Is My Drug.mp3
Nov 25 16:08 : update: added /Nightcore - Untouched.mp3
Nov 25 16:08 : update: added /Nightcore Face Down.mp3
Nov 25 16:08 : update: added /Nightcore - Timber (Blue).mp3
Nov 25 16:08 : update: added /Nightcore- Storytime.mp3
Nov 25 16:08 : update: added /Nightcore - I Can't Stay Away.mp3
Nov 25 16:08 : update: added /Nightcore - I'm Dreaming.mp3
Nov 25 16:08 : update: added /Nightcore- Do You Remember.mp3
Nov 25 16:08 : update: added /Nightcore ~ He Likes Boys.mp3
Nov 25 16:08 : update: added /Nightcore - Inside Out.mp3
Nov 25 16:08 : update: added /❋Nightcore - My Bloody Valentine  ❋.mp3
Nov 25 16:08 : update: added /Nightcore- Never had a dream come true.mp3
Nov 25 16:08 : update: added /Nightcore - Like A Lady.mp3
Nov 25 16:08 : update: added /Nightcore - Pyromania (Negative).mp3
Nov 25 16:08 : update: added /Nightcore - Hero of War.mp3
Nov 25 16:08 : avahi: Service 'Music Player' successfully established.
Nov 25 16:08 : client: [0] opened from [::1]:53448
Nov 25 16:08 : client: [0] closed
Nov 25 16:09 : avahi: Service 'Music Player' successfully established.
Nov 25 16:09 : client: [0] opened from [::1]:53449
Nov 25 16:09 : client: [0] closed
Nov 25 16:09 : client: [1] opened from [::1]:53450
Nov 25 16:09 : client: [1] closed
Nov 25 16:09 : client: [2] opened from [::1]:53451
Nov 25 16:09 : client: [2] closed
Nov 25 16:10 : client: [3] opened from [::1]:53452
Nov 25 16:10 : client: [3] closed
Nov 25 16:11 : client: [4] opened from [::1]:53453
Nov 25 16:11 : client: [4] closed
Nov 25 16:11 : client: [5] opened from [::1]:53454
Nov 25 16:11 : client: [5] closed
Nov 25 16:12 : client: [6] opened from [::1]:53455
Nov 25 16:12 : client: [6] closed
Nov 25 16:12 : client: [7] opened from [::1]:53456
Nov 25 16:12 : client: [7] closed
Nov 25 16:12 : client: [8] opened from [::1]:53457
Nov 25 16:12 : client: [8] closed
Nov 25 16:13 : client: [9] opened from [::1]:53458
Nov 25 16:13 : client: [9] closed
Nov 25 16:15 : player: played "❋Nightcore - My Bloody Valentine  ❋.mp3"
Nov 25 16:18 : player: played "Nightcore - Pyromania (Negative).mp3"
Nov 25 16:21 : player: played "Nightcore- Do You Remember.mp3"
Nov 25 16:24 : player: played "Nightcore- Invisible.mp3"
Nov 25 16:27 : player: played "Nightcore- Never had a dream come true.mp3"
Nov 25 16:30 : client: [10] opened from [::1]:53570
Nov 25 16:30 : client: [10] closed
Nov 25 16:30 : client: [11] opened from [::1]:53571
Nov 25 16:30 : player: played "Nightcore - Untouched.mp3"
Nov 25 16:32 : client: [11] closed
Nov 25 16:32 : client: [12] opened from [::1]:53630
Nov 25 16:33 : client: [13] opened from [::1]:53631
Nov 25 16:33 : client: [13] closed
Nov 25 16:33 : player: played "Nightcore - Human.mp3"
Nov 25 16:33 : client: [14] opened from [::1]:53632
Nov 25 16:33 : client: [14] closed
Nov 25 16:33 : client: [15] opened from [::1]:53633
Nov 25 16:33 : client: [15] closed
Nov 25 16:33 : client: [16] opened from [::1]:53634
Nov 25 16:33 : client: [16] closed
Nov 25 16:36 : player: played "Nightcore - Your Love Is My Drug.mp3"
Nov 25 16:39 : player: played "Nightcore - Hero of War.mp3"
Nov 25 16:41 : client: [12] closed
Nov 25 16:41 : client: [17] opened from [::1]:53736
Nov 25 16:42 : client: [17] closed
Nov 25 16:42 : client: [18] opened from [::1]:53737
Nov 25 16:42 : player: played "Nightcore - Timber (Blue).mp3"
Nov 25 16:45 : player: played "❋Nightcore - My Bloody Valentine  ❋.mp3"
Nov 25 16:46 : client: [18] closed
Nov 25 16:46 : client: [19] opened from [::1]:53800
Nov 25 16:49 : player: played "Nightcore - I'm Dreaming.mp3"
Nov 25 16:52 : player: played "Nightcore - I Can't Stay Away.mp3"
Nov 25 16:55 : player: played "Nightcore - Pyromania (Negative).mp3"
Nov 25 16:55 : client: [19] closed
Nov 25 16:56 : client: [20] opened from [::1]:53867
Nov 25 16:58 : player: played "Nightcore - Inside Out.mp3"
Nov 25 17:01 : player: played "Nightcore Face Down.mp3"
Nov 25 17:01 : client: [20] closed
Nov 25 17:01 : client: [21] opened from [::1]:53959
Nov 25 17:01 : client: [21] closed
Nov 25 17:01 : client: [22] opened from [::1]:53963
Nov 25 17:01 : client: [22] closed
Nov 25 17:01 : client: [23] opened from [::1]:53964
Nov 25 17:02 : client: [23] closed
Nov 25 17:02 : client: [24] opened from [::1]:53968
Nov 25 17:02 : client: [24] closed
Nov 25 17:02 : client: [25] opened from [::1]:53970
Nov 25 17:05 : player: played "Nightcore - I'm Dreaming.mp3"
Nov 25 17:05 : client: [25] closed
Nov 25 17:05 : client: [26] opened from [::1]:53980
Nov 25 17:08 : player: played "Nightcore - Untouched.mp3"
Nov 25 17:09 : client: [26] closed
Nov 25 17:09 : client: [27] opened from [::1]:54019
Nov 25 17:09 : client: [28] opened from [::1]:54020
Nov 25 17:09 : client: [28] closed
Nov 25 17:09 : client: [27] closed
Nov 25 17:09 : client: [29] opened from [::1]:54021
Nov 25 17:10 : client: [29] closed
Nov 25 17:10 : client: [30] opened from [::1]:54022
Nov 25 17:11 : player: played "Nightcore- Never had a dream come true.mp3"
Nov 25 17:12 : client: [30] closed
Nov 25 17:12 : client: [31] opened from [::1]:54117
Nov 25 17:12 : client: [32] opened from [::1]:54118
Nov 25 17:13 : client: [32] closed
Nov 25 17:13 : client: [31] closed
Nov 25 17:13 : client: [33] opened from [::1]:54119
Nov 25 17:13 : client: [34] opened from [::1]:54120
Nov 25 17:14 : client: [34] closed
Nov 25 17:14 : client: [33] closed
Nov 25 17:14 : client: [35] opened from [::1]:54121
Nov 25 17:14 : client: [36] opened from [::1]:54122
Nov 25 17:14 : player: played "Nightcore Face Down.mp3"
Nov 25 17:15 : client: [36] closed
Nov 25 17:15 : client: [35] closed
Nov 25 17:15 : client: [37] opened from [::1]:54123
Nov 25 17:15 : client: [38] opened from [::1]:54124
Nov 25 17:16 : client: [39] opened from [::1]:54125
Nov 25 17:16 : client: [39] closed
Nov 25 17:16 : client: [38] closed
Nov 25 17:16 : client: [37] closed
Nov 25 17:16 : client: [40] opened from [::1]:54126
Nov 25 17:16 : client: [41] opened from [::1]:54127
Nov 25 17:16 : client: [41] closed
Nov 25 17:16 : client: [40] closed
Nov 25 17:16 : client: [42] opened from [::1]:54128
Nov 25 17:16 : client: [43] opened from [::1]:54129
Nov 25 17:17 : player: played "Nightcore - Inside Out.mp3"
Nov 25 17:19 : player: played "Nightcore ~ He Likes Boys.mp3"
Nov 25 17:20 : client: [43] closed
Nov 25 17:20 : client: [42] closed
Nov 25 17:20 : client: [44] opened from [::1]:54184
Nov 25 17:20 : client: [45] opened from [::1]:54185
Nov 25 17:21 : client: [45] closed
Nov 25 17:21 : client: [44] closed
Nov 25 17:21 : client: [46] opened from [::1]:54186
Nov 25 17:21 : client: [47] opened from [::1]:54187
Nov 25 17:21 : client: [48] opened from [::1]:54188
Nov 25 17:21 : client: [48] closed
Nov 25 17:21 : client: [49] opened from [::1]:54189
Nov 25 17:21 : client: [49] closed
Nov 25 17:21 : client: [50] opened from [::1]:54190
Nov 25 17:21 : client: [50] closed
Nov 25 17:22 : player: played "Nightcore - Your Love Is My Drug.mp3"
Nov 25 17:23 : client: [47] closed
Nov 25 17:23 : client: [46] closed
Nov 25 17:23 : client: [51] opened from [::1]:54191
Nov 25 17:23 : client: [51] closed
Nov 25 17:23 : client: [52] opened from [::1]:54192
Nov 25 17:24 : client: [52] closed
Nov 25 17:24 : client: [53] opened from [::1]:54195
Nov 25 17:25 : client: [53] closed
Nov 25 17:25 : client: [54] opened from [::1]:54196
Nov 25 17:25 : client: [54] closed
Nov 25 17:25 : client: [55] opened from [::1]:54197
Nov 25 17:25 : player: played "Nightcore- Do You Remember.mp3"
Nov 25 17:26 : client: [55] closed
Nov 25 17:26 : client: [56] opened from [::1]:54198
Nov 25 17:28 : player: played "Nightcore - We Can't Stop.mp3"
Nov 25 17:29 : client: [56] closed
Nov 25 17:29 : client: [57] opened from [::1]:54261
Nov 25 17:31 : player: played "Nightcore - Like A Lady.mp3"
Nov 25 17:31 : client: [57] closed
Nov 25 17:31 : client: [58] opened from [::1]:54262
Nov 25 17:34 : player: played "Nightcore- Invisible.mp3"
Nov 25 17:34 : client: [58] closed
Nov 25 17:34 : client: [59] opened from [::1]:54289
Nov 25 17:35 : client: [59] closed
Nov 25 17:35 : client: [60] opened from [::1]:54290
Nov 25 17:35 : client: [60] closed
Nov 25 17:35 : client: [61] opened from [::1]:54291
Nov 25 17:36 : client: [61] closed
Nov 25 17:36 : client: [62] opened from [::1]:54292
Nov 25 17:37 : player: played "Nightcore - Human.mp3"
